

> @frontend/angular@0.0.1 format /Users/hieudoan/git/github.com/hieudoanm/hieudoanm/templates/node.js/frontend/browser/angular
> prettier --cache --write .

.editorconfig[2K[1G.gitignore[2K[1G.node-version[2K[1G.npmrc[2K[1G.nvmrc[2K[1G.prettierignore[2K[1G.prettierrc.json[2K[1G[90m.prettierrc.json[39m 20ms (unchanged)
.turbo/turbo-build.log[2K[1G.turbo/turbo-format.log[2K[1G.vscode/extensions.json[2K[1G[90m.vscode/extensions.json[39m 2ms (unchanged)
.vscode/launch.json[2K[1G[90m.vscode/launch.json[39m 4ms (unchanged)
.vscode/tasks.json[2K[1G[90m.vscode/tasks.json[39m 2ms (unchanged)
angular.json[2K[1G[90mangular.json[39m 6ms (unchanged)
docs/angular/README.md[2K[1G[90mdocs/angular/README.md[39m 66ms (unchanged)
eslint.config.mjs[2K[1G[90meslint.config.mjs[39m 8ms (unchanged)
package.json[2K[1G[90mpackage.json[39m 4ms (unchanged)
README.md[2K[1G[90mREADME.md[39m 10ms (unchanged)
src/app/app.component.html[2K[1G[90msrc/app/app.component.html[39m 382ms (unchanged)
src/app/app.component.scss[2K[1G[90msrc/app/app.component.scss[39m 2ms (unchanged)
src/app/app.component.spec.ts[2K[1G[90msrc/app/app.component.spec.ts[39m 68ms (unchanged)
src/app/app.component.ts[2K[1G[90msrc/app/app.component.ts[39m 8ms (unchanged)
src/app/app.config.server.ts[2K[1G[90msrc/app/app.config.server.ts[39m 5ms (unchanged)
src/app/app.config.ts[2K[1G[90msrc/app/app.config.ts[39m 3ms (unchanged)
src/app/app.routes.server.ts[2K[1G[90msrc/app/app.routes.server.ts[39m 3ms (unchanged)
src/app/app.routes.ts[2K[1G[90msrc/app/app.routes.ts[39m 1ms (unchanged)
src/index.html[2K[1G[90msrc/index.html[39m 2ms (unchanged)
src/main.server.ts[2K[1G[90msrc/main.server.ts[39m 9ms (unchanged)
src/main.ts[2K[1G[90msrc/main.ts[39m 2ms (unchanged)
src/server.ts[2K[1G[90msrc/server.ts[39m 10ms (unchanged)
src/styles.scss[2K[1G[90msrc/styles.scss[39m 1ms (unchanged)
tsconfig.app.json[2K[1G[90mtsconfig.app.json[39m 2ms (unchanged)
tsconfig.json[2K[1G[90mtsconfig.json[39m 2ms (unchanged)
tsconfig.spec.json[2K[1G[90mtsconfig.spec.json[39m 4ms (unchanged)
